{"/Users/wilnat/Work/Training/gilded-rose/app/gilded-rose.ts": {"path":"/Users/wilnat/Work/Training/gilded-rose/app/gilded-rose.ts","all":false,"statementMap":{"0":{"start":{"line":1,"column":0},"end":{"line":1,"column":0}},"1":{"start":{"line":2,"column":0},"end":{"line":2,"column":109}},"2":{"start":{"line":3,"column":0},"end":{"line":3,"column":0}},"3":{"start":{"line":4,"column":0},"end":{"line":4,"column":25}},"4":{"start":{"line":5,"column":0},"end":{"line":5,"column":21}},"5":{"start":{"line":6,"column":0},"end":{"line":6,"column":0}},"6":{"start":{"line":7,"column":0},"end":{"line":7,"column":42}},"7":{"start":{"line":8,"column":0},"end":{"line":8,"column":71}},"8":{"start":{"line":9,"column":0},"end":{"line":9,"column":3}},"9":{"start":{"line":10,"column":0},"end":{"line":10,"column":0}},"10":{"start":{"line":11,"column":0},"end":{"line":11,"column":65}},"11":{"start":{"line":12,"column":0},"end":{"line":12,"column":18}},"12":{"start":{"line":13,"column":0},"end":{"line":13,"column":81}},"13":{"start":{"line":14,"column":0},"end":{"line":14,"column":77}},"14":{"start":{"line":15,"column":0},"end":{"line":15,"column":90}},"15":{"start":{"line":16,"column":0},"end":{"line":16,"column":101}},"16":{"start":{"line":17,"column":0},"end":{"line":17,"column":62}},"17":{"start":{"line":18,"column":0},"end":{"line":18,"column":5}},"18":{"start":{"line":19,"column":0},"end":{"line":19,"column":3}},"19":{"start":{"line":20,"column":0},"end":{"line":20,"column":19}},"20":{"start":{"line":21,"column":0},"end":{"line":21,"column":92}},"21":{"start":{"line":22,"column":0},"end":{"line":22,"column":22}},"22":{"start":{"line":23,"column":0},"end":{"line":23,"column":3}},"23":{"start":{"line":24,"column":0},"end":{"line":24,"column":0}},"24":{"start":{"line":25,"column":0},"end":{"line":25,"column":38}},"25":{"start":{"line":26,"column":0},"end":{"line":26,"column":1}}},"s":{"0":1,"1":1,"2":1,"3":1,"4":1,"5":1,"6":1,"7":5,"8":5,"9":5,"10":5,"11":37,"12":1,"13":1,"14":37,"15":4,"16":37,"17":4,"18":4,"19":4,"20":4,"21":37,"22":37,"23":8,"24":8,"25":8},"branchMap":{"0":{"type":"branch","line":2,"loc":{"start":{"line":2,"column":-1},"end":{"line":26,"column":1}},"locations":[{"start":{"line":2,"column":-1},"end":{"line":26,"column":1}}]},"1":{"type":"branch","line":2,"loc":{"start":{"line":2,"column":-1},"end":{"line":26,"column":1}},"locations":[{"start":{"line":2,"column":-1},"end":{"line":26,"column":1}}]},"2":{"type":"branch","line":7,"loc":{"start":{"line":7,"column":25},"end":{"line":26,"column":1}},"locations":[{"start":{"line":7,"column":25},"end":{"line":26,"column":1}}]},"3":{"type":"branch","line":8,"loc":{"start":{"line":8,"column":0},"end":{"line":13,"column":41}},"locations":[{"start":{"line":8,"column":0},"end":{"line":13,"column":41}}]},"4":{"type":"branch","line":8,"loc":{"start":{"line":8,"column":59},"end":{"line":9,"column":2}},"locations":[{"start":{"line":8,"column":59},"end":{"line":9,"column":2}}]},"5":{"type":"branch","line":11,"loc":{"start":{"line":11,"column":55},"end":{"line":13,"column":33}},"locations":[{"start":{"line":11,"column":55},"end":{"line":13,"column":33}}]},"6":{"type":"branch","line":14,"loc":{"start":{"line":14,"column":11},"end":{"line":26,"column":1}},"locations":[{"start":{"line":14,"column":11},"end":{"line":26,"column":1}}]},"7":{"type":"branch","line":15,"loc":{"start":{"line":15,"column":55},"end":{"line":17,"column":25}},"locations":[{"start":{"line":15,"column":55},"end":{"line":17,"column":25}}]},"8":{"type":"branch","line":17,"loc":{"start":{"line":17,"column":38},"end":{"line":22,"column":11}},"locations":[{"start":{"line":17,"column":38},"end":{"line":22,"column":11}}]},"9":{"type":"branch","line":23,"loc":{"start":{"line":23,"column":1},"end":{"line":26,"column":1}},"locations":[{"start":{"line":23,"column":1},"end":{"line":26,"column":1}}]}},"b":{"0":[1],"1":[1],"2":[1],"3":[5],"4":[0],"5":[37],"6":[37],"7":[4],"8":[4],"9":[8]},"fnMap":{"0":{"name":"Object.<anonymous>","decl":{"start":{"line":2,"column":-1},"end":{"line":26,"column":1}},"loc":{"start":{"line":2,"column":-1},"end":{"line":26,"column":1}},"line":2},"1":{"name":"GildedRose","decl":{"start":{"line":8,"column":0},"end":{"line":13,"column":41}},"loc":{"start":{"line":8,"column":0},"end":{"line":13,"column":41}},"line":8},"2":{"name":"Object.<anonymous>.GildedRose.sortItemsToChildClasses","decl":{"start":{"line":14,"column":11},"end":{"line":26,"column":1}},"loc":{"start":{"line":14,"column":11},"end":{"line":26,"column":1}},"line":14}},"f":{"0":1,"1":5,"2":37}}
,"/Users/wilnat/Work/Training/gilded-rose/app/item-classes.ts": {"path":"/Users/wilnat/Work/Training/gilded-rose/app/item-classes.ts","all":false,"statementMap":{"0":{"start":{"line":1,"column":0},"end":{"line":1,"column":0}},"1":{"start":{"line":2,"column":0},"end":{"line":2,"column":0}},"2":{"start":{"line":3,"column":0},"end":{"line":3,"column":19}},"3":{"start":{"line":4,"column":0},"end":{"line":4,"column":17}},"4":{"start":{"line":5,"column":0},"end":{"line":5,"column":19}},"5":{"start":{"line":6,"column":0},"end":{"line":6,"column":20}},"6":{"start":{"line":7,"column":0},"end":{"line":7,"column":2}},"7":{"start":{"line":8,"column":0},"end":{"line":8,"column":40}},"8":{"start":{"line":9,"column":0},"end":{"line":9,"column":23}},"9":{"start":{"line":10,"column":0},"end":{"line":10,"column":27}},"10":{"start":{"line":11,"column":0},"end":{"line":11,"column":29}},"11":{"start":{"line":12,"column":0},"end":{"line":12,"column":5}},"12":{"start":{"line":13,"column":0},"end":{"line":13,"column":3}},"13":{"start":{"line":14,"column":0},"end":{"line":14,"column":2}},"14":{"start":{"line":15,"column":0},"end":{"line":15,"column":40}},"15":{"start":{"line":16,"column":0},"end":{"line":16,"column":28}},"16":{"start":{"line":17,"column":0},"end":{"line":17,"column":2}},"17":{"start":{"line":18,"column":0},"end":{"line":18,"column":32}},"18":{"start":{"line":19,"column":0},"end":{"line":19,"column":41}},"19":{"start":{"line":20,"column":0},"end":{"line":20,"column":30}},"20":{"start":{"line":21,"column":0},"end":{"line":21,"column":25}},"21":{"start":{"line":22,"column":0},"end":{"line":22,"column":5}},"22":{"start":{"line":23,"column":0},"end":{"line":23,"column":46}},"23":{"start":{"line":24,"column":0},"end":{"line":24,"column":71}},"24":{"start":{"line":25,"column":0},"end":{"line":25,"column":2}},"25":{"start":{"line":26,"column":0},"end":{"line":26,"column":5}},"26":{"start":{"line":27,"column":0},"end":{"line":27,"column":30}},"27":{"start":{"line":28,"column":0},"end":{"line":28,"column":21}},"28":{"start":{"line":29,"column":0},"end":{"line":29,"column":5}},"29":{"start":{"line":30,"column":0},"end":{"line":30,"column":2}},"30":{"start":{"line":31,"column":0},"end":{"line":31,"column":35}},"31":{"start":{"line":32,"column":0},"end":{"line":32,"column":29}},"32":{"start":{"line":33,"column":0},"end":{"line":33,"column":24}},"33":{"start":{"line":34,"column":0},"end":{"line":34,"column":8}},"34":{"start":{"line":35,"column":0},"end":{"line":35,"column":28}},"35":{"start":{"line":36,"column":0},"end":{"line":36,"column":23}},"36":{"start":{"line":37,"column":0},"end":{"line":37,"column":7}},"37":{"start":{"line":38,"column":0},"end":{"line":38,"column":4}},"38":{"start":{"line":39,"column":0},"end":{"line":39,"column":5}},"39":{"start":{"line":40,"column":0},"end":{"line":40,"column":40}},"40":{"start":{"line":41,"column":0},"end":{"line":41,"column":59}},"41":{"start":{"line":42,"column":0},"end":{"line":42,"column":30}},"42":{"start":{"line":43,"column":0},"end":{"line":43,"column":5}},"43":{"start":{"line":44,"column":0},"end":{"line":44,"column":92}},"44":{"start":{"line":45,"column":0},"end":{"line":45,"column":53}},"45":{"start":{"line":46,"column":0},"end":{"line":46,"column":3}},"46":{"start":{"line":47,"column":0},"end":{"line":47,"column":48}},"47":{"start":{"line":48,"column":0},"end":{"line":48,"column":20}},"48":{"start":{"line":49,"column":0},"end":{"line":49,"column":3}},"49":{"start":{"line":50,"column":0},"end":{"line":50,"column":2}},"50":{"start":{"line":51,"column":0},"end":{"line":51,"column":49}},"51":{"start":{"line":52,"column":0},"end":{"line":52,"column":46}},"52":{"start":{"line":53,"column":0},"end":{"line":53,"column":30}},"53":{"start":{"line":54,"column":0},"end":{"line":54,"column":36}},"54":{"start":{"line":55,"column":0},"end":{"line":55,"column":3}},"55":{"start":{"line":56,"column":0},"end":{"line":56,"column":2}},"56":{"start":{"line":57,"column":0},"end":{"line":57,"column":53}},"57":{"start":{"line":58,"column":0},"end":{"line":58,"column":82}},"58":{"start":{"line":59,"column":0},"end":{"line":59,"column":3}},"59":{"start":{"line":60,"column":0},"end":{"line":60,"column":2}},"60":{"start":{"line":61,"column":0},"end":{"line":61,"column":2}},"61":{"start":{"line":62,"column":0},"end":{"line":62,"column":45}},"62":{"start":{"line":63,"column":0},"end":{"line":63,"column":45}},"63":{"start":{"line":64,"column":0},"end":{"line":64,"column":30}},"64":{"start":{"line":65,"column":0},"end":{"line":65,"column":23}},"65":{"start":{"line":66,"column":0},"end":{"line":66,"column":14}},"66":{"start":{"line":67,"column":0},"end":{"line":67,"column":7}},"67":{"start":{"line":68,"column":0},"end":{"line":68,"column":22}},"68":{"start":{"line":69,"column":0},"end":{"line":69,"column":29}},"69":{"start":{"line":70,"column":0},"end":{"line":70,"column":24}},"70":{"start":{"line":71,"column":0},"end":{"line":71,"column":7}},"71":{"start":{"line":72,"column":0},"end":{"line":72,"column":28}},"72":{"start":{"line":73,"column":0},"end":{"line":73,"column":24}},"73":{"start":{"line":74,"column":0},"end":{"line":74,"column":5}},"74":{"start":{"line":75,"column":0},"end":{"line":75,"column":5}},"75":{"start":{"line":76,"column":0},"end":{"line":76,"column":3}}},"s":{"0":1,"1":1,"2":1,"3":1,"4":1,"5":1,"6":1,"7":1,"8":1,"9":1,"10":0,"11":0,"12":0,"13":0,"14":1,"15":0,"16":0,"17":0,"18":1,"19":1,"20":1,"21":5,"22":5,"23":5,"24":0,"25":0,"26":0,"27":5,"28":5,"29":5,"30":5,"31":5,"32":5,"33":0,"34":5,"35":1,"36":1,"37":1,"38":1,"39":1,"40":1,"41":1,"42":1,"43":1,"44":1,"45":74,"46":74,"47":74,"48":74,"49":1,"50":1,"51":1,"52":1,"53":1,"54":37,"55":37,"56":37,"57":1,"58":1,"59":1,"60":1,"61":1,"62":334,"63":334,"64":334,"65":334,"66":1,"67":1,"68":1,"69":1,"70":149,"71":149,"72":149,"73":149,"74":1,"75":1},"branchMap":{"0":{"type":"branch","line":2,"loc":{"start":{"line":2,"column":-1},"end":{"line":76,"column":3}},"locations":[{"start":{"line":2,"column":-1},"end":{"line":76,"column":3}}]},"1":{"type":"branch","line":2,"loc":{"start":{"line":2,"column":-1},"end":{"line":76,"column":3}},"locations":[{"start":{"line":2,"column":-1},"end":{"line":76,"column":3}}]},"2":{"type":"branch","line":6,"loc":{"start":{"line":6,"column":-1},"end":{"line":36,"column":22}},"locations":[{"start":{"line":6,"column":-1},"end":{"line":36,"column":22}}]},"3":{"type":"branch","line":8,"loc":{"start":{"line":8,"column":13},"end":{"line":21,"column":9}},"locations":[{"start":{"line":8,"column":13},"end":{"line":21,"column":9}}]},"4":{"type":"branch","line":10,"loc":{"start":{"line":10,"column":12},"end":{"line":15,"column":32}},"locations":[{"start":{"line":10,"column":12},"end":{"line":15,"column":32}}]},"5":{"type":"branch","line":15,"loc":{"start":{"line":15,"column":33},"end":{"line":19,"column":39}},"locations":[{"start":{"line":15,"column":33},"end":{"line":19,"column":39}}]},"6":{"type":"branch","line":21,"loc":{"start":{"line":21,"column":22},"end":{"line":36,"column":19}},"locations":[{"start":{"line":21,"column":22},"end":{"line":36,"column":19}}]},"7":{"type":"branch","line":23,"loc":{"start":{"line":23,"column":44},"end":{"line":24,"column":10}},"locations":[{"start":{"line":23,"column":44},"end":{"line":24,"column":10}}]},"8":{"type":"branch","line":24,"loc":{"start":{"line":24,"column":24},"end":{"line":28,"column":2}},"locations":[{"start":{"line":24,"column":24},"end":{"line":28,"column":2}}]},"9":{"type":"branch","line":33,"loc":{"start":{"line":33,"column":16},"end":{"line":35,"column":0}},"locations":[{"start":{"line":33,"column":16},"end":{"line":35,"column":0}}]},"10":{"type":"branch","line":31,"loc":{"start":{"line":31,"column":9},"end":{"line":32,"column":12}},"locations":[{"start":{"line":31,"column":9},"end":{"line":32,"column":12}}]},"11":{"type":"branch","line":44,"loc":{"start":{"line":44,"column":76},"end":{"line":51,"column":17}},"locations":[{"start":{"line":44,"column":76},"end":{"line":51,"column":17}}]},"12":{"type":"branch","line":45,"loc":{"start":{"line":45,"column":1},"end":{"line":50,"column":1}},"locations":[{"start":{"line":45,"column":1},"end":{"line":50,"column":1}}]},"13":{"type":"branch","line":52,"loc":{"start":{"line":52,"column":27},"end":{"line":76,"column":3}},"locations":[{"start":{"line":52,"column":27},"end":{"line":76,"column":3}}]},"14":{"type":"branch","line":54,"loc":{"start":{"line":54,"column":10},"end":{"line":58,"column":75}},"locations":[{"start":{"line":54,"column":10},"end":{"line":58,"column":75}}]},"15":{"type":"branch","line":62,"loc":{"start":{"line":62,"column":38},"end":{"line":67,"column":3}},"locations":[{"start":{"line":62,"column":38},"end":{"line":67,"column":3}}]},"16":{"type":"branch","line":70,"loc":{"start":{"line":70,"column":2},"end":{"line":75,"column":3}},"locations":[{"start":{"line":70,"column":2},"end":{"line":75,"column":3}}]}},"b":{"0":[1],"1":[1],"2":[1],"3":[1],"4":[0],"5":[0],"6":[5],"7":[0],"8":[0],"9":[0],"10":[5],"11":[1],"12":[74],"13":[1],"14":[37],"15":[334],"16":[149]},"fnMap":{"0":{"name":"Object.<anonymous>","decl":{"start":{"line":2,"column":-1},"end":{"line":76,"column":3}},"loc":{"start":{"line":2,"column":-1},"end":{"line":76,"column":3}},"line":2},"1":{"name":"extendStatics","decl":{"start":{"line":8,"column":13},"end":{"line":21,"column":9}},"loc":{"start":{"line":8,"column":13},"end":{"line":21,"column":9}},"line":8},"2":{"name":"extendStatics","decl":{"start":{"line":13,"column":2},"end":{"line":15,"column":31}},"loc":{"start":{"line":13,"column":2},"end":{"line":15,"column":31}},"line":13},"3":{"name":"extendStatics","decl":{"start":{"line":16,"column":7},"end":{"line":19,"column":39}},"loc":{"start":{"line":16,"column":7},"end":{"line":19,"column":39}},"line":16},"4":{"name":"Object.<anonymous>.__extends","decl":{"start":{"line":21,"column":22},"end":{"line":36,"column":19}},"loc":{"start":{"line":21,"column":22},"end":{"line":36,"column":19}},"line":21},"5":{"name":"__","decl":{"start":{"line":31,"column":9},"end":{"line":32,"column":12}},"loc":{"start":{"line":31,"column":9},"end":{"line":32,"column":12}},"line":31},"6":{"name":"Item","decl":{"start":{"line":45,"column":1},"end":{"line":50,"column":1}},"loc":{"start":{"line":45,"column":1},"end":{"line":50,"column":1}},"line":45},"7":{"name":"StandardItem","decl":{"start":{"line":54,"column":10},"end":{"line":58,"column":75}},"loc":{"start":{"line":54,"column":10},"end":{"line":58,"column":75}},"line":54},"8":{"name":"Object.<anonymous>.StandardItem.updateQualitySellInOfItem","decl":{"start":{"line":62,"column":38},"end":{"line":67,"column":3}},"loc":{"start":{"line":62,"column":38},"end":{"line":67,"column":3}},"line":62},"9":{"name":"Object.<anonymous>.StandardItem.updateQualityOfItemUnbounded","decl":{"start":{"line":70,"column":2},"end":{"line":75,"column":3}},"loc":{"start":{"line":70,"column":2},"end":{"line":75,"column":3}},"line":70}},"f":{"0":1,"1":1,"2":0,"3":0,"4":5,"5":5,"6":74,"7":37,"8":334,"9":149}}
}
