TN:
SF:app/gilded-rose.ts
FN:2,Object.<anonymous>
FN:8,GildedRose
FN:14,Object.<anonymous>.GildedRose.sortItemsToChildClasses
FNF:3
FNH:3
FNDA:1,Object.<anonymous>
FNDA:5,GildedRose
FNDA:37,Object.<anonymous>.GildedRose.sortItemsToChildClasses
DA:1,1
DA:2,1
DA:3,1
DA:4,1
DA:5,1
DA:6,1
DA:7,1
DA:8,5
DA:9,5
DA:10,5
DA:11,5
DA:12,37
DA:13,1
DA:14,1
DA:15,37
DA:16,4
DA:17,37
DA:18,4
DA:19,4
DA:20,4
DA:21,4
DA:22,37
DA:23,37
DA:24,8
DA:25,8
DA:26,8
LF:26
LH:26
BRDA:2,0,0,1
BRDA:2,1,0,1
BRDA:7,2,0,1
BRDA:8,3,0,5
BRDA:8,4,0,0
BRDA:11,5,0,37
BRDA:14,6,0,37
BRDA:15,7,0,4
BRDA:17,8,0,4
BRDA:23,9,0,8
BRF:10
BRH:9
end_of_record
TN:
SF:app/item-classes.ts
FN:2,Object.<anonymous>
FN:8,extendStatics
FN:13,extendStatics
FN:16,extendStatics
FN:21,Object.<anonymous>.__extends
FN:31,__
FN:45,Item
FN:54,StandardItem
FN:62,Object.<anonymous>.StandardItem.updateQualitySellInOfItem
FN:70,Object.<anonymous>.StandardItem.updateQualityOfItemUnbounded
FNF:10
FNH:8
FNDA:1,Object.<anonymous>
FNDA:1,extendStatics
FNDA:0,extendStatics
FNDA:0,extendStatics
FNDA:5,Object.<anonymous>.__extends
FNDA:5,__
FNDA:74,Item
FNDA:37,StandardItem
FNDA:334,Object.<anonymous>.StandardItem.updateQualitySellInOfItem
FNDA:149,Object.<anonymous>.StandardItem.updateQualityOfItemUnbounded
DA:1,1
DA:2,1
DA:3,1
DA:4,1
DA:5,1
DA:6,1
DA:7,1
DA:8,1
DA:9,1
DA:10,1
DA:11,0
DA:12,0
DA:13,0
DA:14,0
DA:15,1
DA:16,0
DA:17,0
DA:18,0
DA:19,1
DA:20,1
DA:21,1
DA:22,5
DA:23,5
DA:24,5
DA:25,0
DA:26,0
DA:27,0
DA:28,5
DA:29,5
DA:30,5
DA:31,5
DA:32,5
DA:33,5
DA:34,0
DA:35,5
DA:36,1
DA:37,1
DA:38,1
DA:39,1
DA:40,1
DA:41,1
DA:42,1
DA:43,1
DA:44,1
DA:45,1
DA:46,74
DA:47,74
DA:48,74
DA:49,74
DA:50,1
DA:51,1
DA:52,1
DA:53,1
DA:54,1
DA:55,37
DA:56,37
DA:57,37
DA:58,1
DA:59,1
DA:60,1
DA:61,1
DA:62,1
DA:63,334
DA:64,334
DA:65,334
DA:66,334
DA:67,1
DA:68,1
DA:69,1
DA:70,1
DA:71,149
DA:72,149
DA:73,149
DA:74,149
DA:75,1
DA:76,1
LF:76
LH:65
BRDA:2,0,0,1
BRDA:2,1,0,1
BRDA:6,2,0,1
BRDA:8,3,0,1
BRDA:10,4,0,0
BRDA:15,5,0,0
BRDA:21,6,0,5
BRDA:23,7,0,0
BRDA:24,8,0,0
BRDA:33,9,0,0
BRDA:31,10,0,5
BRDA:44,11,0,1
BRDA:45,12,0,74
BRDA:52,13,0,1
BRDA:54,14,0,37
BRDA:62,15,0,334
BRDA:70,16,0,149
BRF:17
BRH:12
end_of_record
